
running 1 test
test test_benchmark_performance_and_correctness ... ok

successes:

---- test_benchmark_performance_and_correctness stdout ----
  Run 1: 0.19s
  Run 2: 0.02s
  Run 3: 0.02s
✅ heavy_arithmetic.ob MATCH: 2666686666700000
  ⏱️  heavy_arithmetic.ob avg: 0.08s, max: 0.19s (all under 5s)
  Run 1: 0.18s
  Run 2: 0.18s
  Run 3: 0.18s
✅ fibonacci_recursive.ob MATCH: 514229
  ⏱️  fibonacci_recursive.ob avg: 0.18s, max: 0.18s (all under 5s)
  Run 1: 0.00s
  Run 2: 0.00s
  Run 3: 0.00s
✅ ackermann_function.ob MATCH: 125
  ⏱️  ackermann_function.ob avg: 0.00s, max: 0.00s (all under 5s)
  Run 1: 0.01s
  Run 2: 0.01s
  Run 3: 0.01s
✅ vector_heavy_ops.ob MATCH: 224985000
  ⏱️  vector_heavy_ops.ob avg: 0.01s, max: 0.01s (all under 5s)
  Run 1: 0.01s
  Run 2: 0.01s
  Run 3: 0.01s
✅ vector_push_intensive.ob MATCH: 337477500
  ⏱️  vector_push_intensive.ob avg: 0.01s, max: 0.01s (all under 5s)
All benchmarks passed performance and correctness tests!


successes:
    test_benchmark_performance_and_correctness

test result: ok. 1 passed; 0 failed; 0 ignored; 0 measured; 0 filtered out; finished in 0.89s

